{"level":"info","message":"Proceso Principal ID:"}
{"level":"info","message":"Soy el cluster principal, voy a forkear (worker)"}
{"level":"info","message":"BBDD conectada"}
{"level":"info","message":"BBDD conectada"}
{"level":"info","message":"BBDD conectada"}
{"level":"info","message":"BBDD conectada"}
{"level":"info","message":"BBDD conectada"}
{"level":"info","message":"BBDD conectada"}
{"level":"info","message":"BBDD conectada"}
{"level":"info","message":"BBDD conectada"}
{"level":"info","message":"Proceso Principal ID:"}
{"level":"info","message":"Soy el cluster principal, voy a forkear (worker) > Thu Dec 12 2024 22:50:09 GMT-0300 (hora estándar de Uruguay)"}
{"level":"info","message":"BBDD conectada"}
{"level":"info","message":"BBDD conectada"}
{"level":"info","message":"BBDD conectada"}
{"level":"info","message":"BBDD conectada"}
{"level":"info","message":"BBDD conectada"}
{"level":"info","message":"BBDD conectada"}
{"level":"info","message":"BBDD conectada"}
{"level":"info","message":"BBDD conectada"}
{"level":"info","message":"Proceso Principal ID:"}
{"level":"info","message":"Soy el cluster principal, voy a forkear (worker) > Thu Dec 12 2024 22:53:21 GMT-0300 (hora estándar de Uruguay)"}
{"level":"info","message":"BBDD conectada"}
{"level":"info","message":"BBDD conectada"}
{"level":"info","message":"BBDD conectada"}
{"level":"info","message":"BBDD conectada"}
{"level":"info","message":"BBDD conectada"}
{"level":"info","message":"BBDD conectada"}
{"level":"info","message":"BBDD conectada"}
{"level":"info","message":"BBDD conectada"}
{"level":"info","message":"Proceso Principal ID:"}
{"level":"info","message":"Soy el cluster principal, voy a forkear (worker) > Thu Dec 12 2024 22:53:40 GMT-0300 (hora estándar de Uruguay)"}
{"level":"info","message":"BBDD conectada"}
{"level":"info","message":"BBDD conectada"}
{"level":"warning","message":"Escuchando puerto 8080"}
{"level":"info","message":"BBDD conectada"}
{"level":"info","message":"BBDD conectada"}
{"level":"info","message":"BBDD conectada"}
{"level":"warning","message":"Escuchando puerto 8080"}
{"level":"info","message":"BBDD conectada"}
{"level":"warning","message":"Escuchando puerto 8080"}
{"level":"info","message":"BBDD conectada"}
{"level":"warning","message":"Escuchando puerto 8080"}
{"level":"warning","message":"Escuchando puerto 8080"}
{"level":"warning","message":"Escuchando puerto 8080"}
{"level":"warning","message":"Escuchando puerto 8080"}
{"level":"info","message":"BBDD conectada"}
{"level":"warning","message":"Escuchando puerto 8080"}
{"level":"info","message":"Proceso Principal ID:"}
{"level":"info","message":"Soy el cluster principal, voy a forkear (worker) > Thu Dec 12 2024 22:54:00 GMT-0300 (hora estándar de Uruguay)"}
{"level":"info","message":"BBDD conectada"}
{"level":"info","message":"Escuchando puerto 8080"}
{"level":"info","message":"BBDD conectada"}
{"level":"info","message":"BBDD conectada"}
{"level":"info","message":"Escuchando puerto 8080"}
{"level":"info","message":"BBDD conectada"}
{"level":"info","message":"Escuchando puerto 8080"}
{"level":"info","message":"BBDD conectada"}
{"level":"info","message":"BBDD conectada"}
{"level":"info","message":"Escuchando puerto 8080"}
{"level":"info","message":"BBDD conectada"}
{"level":"info","message":"BBDD conectada"}
{"level":"info","message":"Escuchando puerto 8080"}
{"level":"info","message":"Escuchando puerto 8080"}
{"level":"info","message":"Escuchando puerto 8080"}
{"level":"info","message":"Escuchando puerto 8080"}
{"level":"info","message":"Proceso Principal ID:"}
{"level":"info","message":"Soy el cluster principal, voy a forkear (worker) > Thu Dec 12 2024 22:55:46 GMT-0300 (hora estándar de Uruguay)"}
{"level":"info","message":"Proceso Principal ID:"}
{"level":"info","message":"Soy el cluster principal, voy a forkear (worker) > Thu Dec 12 2024 22:56:05 GMT-0300 (hora estándar de Uruguay)"}
{"level":"warning","message":"Error al conectarse a la bbddReferenceError: currentDate is not defined > Thu Dec 12 2024 22:56:07 GMT-0300 (hora estándar de Uruguay)"}
{"level":"warning","message":"Error al conectarse a la bbddReferenceError: currentDate is not defined > Thu Dec 12 2024 22:56:08 GMT-0300 (hora estándar de Uruguay)"}
{"level":"warning","message":"Error al conectarse a la bbddReferenceError: currentDate is not defined > Thu Dec 12 2024 22:56:08 GMT-0300 (hora estándar de Uruguay)"}
{"level":"warning","message":"Error al conectarse a la bbddReferenceError: currentDate is not defined > Thu Dec 12 2024 22:56:08 GMT-0300 (hora estándar de Uruguay)"}
{"level":"warning","message":"Error al conectarse a la bbddReferenceError: currentDate is not defined > Thu Dec 12 2024 22:56:08 GMT-0300 (hora estándar de Uruguay)"}
{"level":"warning","message":"Error al conectarse a la bbddReferenceError: currentDate is not defined > Thu Dec 12 2024 22:56:08 GMT-0300 (hora estándar de Uruguay)"}
{"level":"warning","message":"Error al conectarse a la bbddReferenceError: currentDate is not defined > Thu Dec 12 2024 22:56:08 GMT-0300 (hora estándar de Uruguay)"}
{"level":"warning","message":"Error al conectarse a la bbddReferenceError: currentDate is not defined > Thu Dec 12 2024 22:56:09 GMT-0300 (hora estándar de Uruguay)"}
{"level":"info","message":"Proceso Principal ID:"}
{"level":"info","message":"Soy el cluster principal, voy a forkear (worker) > Thu Dec 12 2024 22:56:45 GMT-0300 (hora estándar de Uruguay)"}
{"level":"info","message":"BBDD conectada > Thu Dec 12 2024 22:56:47 GMT-0300 (hora estándar de Uruguay)"}
{"level":"info","message":"BBDD conectada > Thu Dec 12 2024 22:56:47 GMT-0300 (hora estándar de Uruguay)"}
{"level":"info","message":"Escuchando puerto 8080 > Thu Dec 12 2024 22:56:48 GMT-0300 (hora estándar de Uruguay)"}
{"level":"info","message":"BBDD conectada > Thu Dec 12 2024 22:56:48 GMT-0300 (hora estándar de Uruguay)"}
{"level":"info","message":"BBDD conectada > Thu Dec 12 2024 22:56:48 GMT-0300 (hora estándar de Uruguay)"}
{"level":"info","message":"Escuchando puerto 8080 > Thu Dec 12 2024 22:56:48 GMT-0300 (hora estándar de Uruguay)"}
{"level":"info","message":"BBDD conectada > Thu Dec 12 2024 22:56:48 GMT-0300 (hora estándar de Uruguay)"}
{"level":"info","message":"BBDD conectada > Thu Dec 12 2024 22:56:48 GMT-0300 (hora estándar de Uruguay)"}
{"level":"info","message":"BBDD conectada > Thu Dec 12 2024 22:56:48 GMT-0300 (hora estándar de Uruguay)"}
{"level":"info","message":"Escuchando puerto 8080 > Thu Dec 12 2024 22:56:48 GMT-0300 (hora estándar de Uruguay)"}
{"level":"info","message":"Escuchando puerto 8080 > Thu Dec 12 2024 22:56:48 GMT-0300 (hora estándar de Uruguay)"}
{"level":"info","message":"BBDD conectada > Thu Dec 12 2024 22:56:48 GMT-0300 (hora estándar de Uruguay)"}
{"level":"info","message":"Escuchando puerto 8080 > Thu Dec 12 2024 22:56:48 GMT-0300 (hora estándar de Uruguay)"}
{"level":"info","message":"Escuchando puerto 8080 > Thu Dec 12 2024 22:56:48 GMT-0300 (hora estándar de Uruguay)"}
{"level":"info","message":"Escuchando puerto 8080 > Thu Dec 12 2024 22:56:48 GMT-0300 (hora estándar de Uruguay)"}
{"level":"info","message":"Escuchando puerto 8080 > Thu Dec 12 2024 22:56:48 GMT-0300 (hora estándar de Uruguay)"}
{"level":"info","message":"Proceso Principal ID:"}
{"level":"info","message":"Soy el cluster principal, voy a forkear (worker) > Thu Dec 12 2024 23:18:26 GMT-0300 (hora estándar de Uruguay)"}
{"level":"info","message":"BBDD conectada > Thu Dec 12 2024 23:18:30 GMT-0300 (hora estándar de Uruguay)"}
{"level":"info","message":"BBDD conectada > Thu Dec 12 2024 23:18:30 GMT-0300 (hora estándar de Uruguay)"}
{"level":"info","message":"BBDD conectada > Thu Dec 12 2024 23:18:30 GMT-0300 (hora estándar de Uruguay)"}
{"level":"info","message":"BBDD conectada > Thu Dec 12 2024 23:18:30 GMT-0300 (hora estándar de Uruguay)"}
{"level":"info","message":"Escuchando puerto 8080 > Thu Dec 12 2024 23:18:30 GMT-0300 (hora estándar de Uruguay)"}
{"level":"info","message":"BBDD conectada > Thu Dec 12 2024 23:18:30 GMT-0300 (hora estándar de Uruguay)"}
{"level":"info","message":"BBDD conectada > Thu Dec 12 2024 23:18:30 GMT-0300 (hora estándar de Uruguay)"}
{"level":"info","message":"Escuchando puerto 8080 > Thu Dec 12 2024 23:18:30 GMT-0300 (hora estándar de Uruguay)"}
{"level":"info","message":"BBDD conectada > Thu Dec 12 2024 23:18:30 GMT-0300 (hora estándar de Uruguay)"}
{"level":"info","message":"Escuchando puerto 8080 > Thu Dec 12 2024 23:18:30 GMT-0300 (hora estándar de Uruguay)"}
{"level":"info","message":"BBDD conectada > Thu Dec 12 2024 23:18:30 GMT-0300 (hora estándar de Uruguay)"}
{"level":"info","message":"Escuchando puerto 8080 > Thu Dec 12 2024 23:18:30 GMT-0300 (hora estándar de Uruguay)"}
{"level":"info","message":"Escuchando puerto 8080 > Thu Dec 12 2024 23:18:30 GMT-0300 (hora estándar de Uruguay)"}
{"level":"info","message":"Escuchando puerto 8080 > Thu Dec 12 2024 23:18:30 GMT-0300 (hora estándar de Uruguay)"}
{"level":"info","message":"Escuchando puerto 8080 > Thu Dec 12 2024 23:18:30 GMT-0300 (hora estándar de Uruguay)"}
{"level":"info","message":"Escuchando puerto 8080 > Thu Dec 12 2024 23:18:30 GMT-0300 (hora estándar de Uruguay)"}
{"level":"http","message":"POST en /api/sessions/register - 11:18:32 p. m."}
{"level":"http","message":"POST en /api/sessions/login - 11:18:32 p. m."}
{"level":"info","message":"Proceso Principal ID:"}
{"level":"info","message":"Soy el cluster principal, voy a forkear (worker) > Thu Dec 12 2024 23:19:02 GMT-0300 (hora estándar de Uruguay)"}
{"level":"info","message":"BBDD conectada > Thu Dec 12 2024 23:19:05 GMT-0300 (hora estándar de Uruguay)"}
{"level":"info","message":"BBDD conectada > Thu Dec 12 2024 23:19:05 GMT-0300 (hora estándar de Uruguay)"}
{"level":"info","message":"BBDD conectada > Thu Dec 12 2024 23:19:05 GMT-0300 (hora estándar de Uruguay)"}
{"level":"info","message":"Escuchando puerto 8080 > Thu Dec 12 2024 23:19:05 GMT-0300 (hora estándar de Uruguay)"}
{"level":"info","message":"BBDD conectada > Thu Dec 12 2024 23:19:05 GMT-0300 (hora estándar de Uruguay)"}
{"level":"info","message":"Escuchando puerto 8080 > Thu Dec 12 2024 23:19:05 GMT-0300 (hora estándar de Uruguay)"}
{"level":"info","message":"BBDD conectada > Thu Dec 12 2024 23:19:05 GMT-0300 (hora estándar de Uruguay)"}
{"level":"info","message":"Escuchando puerto 8080 > Thu Dec 12 2024 23:19:05 GMT-0300 (hora estándar de Uruguay)"}
{"level":"info","message":"BBDD conectada > Thu Dec 12 2024 23:19:05 GMT-0300 (hora estándar de Uruguay)"}
{"level":"info","message":"Escuchando puerto 8080 > Thu Dec 12 2024 23:19:05 GMT-0300 (hora estándar de Uruguay)"}
{"level":"info","message":"Escuchando puerto 8080 > Thu Dec 12 2024 23:19:05 GMT-0300 (hora estándar de Uruguay)"}
{"level":"info","message":"BBDD conectada > Thu Dec 12 2024 23:19:05 GMT-0300 (hora estándar de Uruguay)"}
{"level":"info","message":"Escuchando puerto 8080 > Thu Dec 12 2024 23:19:05 GMT-0300 (hora estándar de Uruguay)"}
{"level":"info","message":"BBDD conectada > Thu Dec 12 2024 23:19:05 GMT-0300 (hora estándar de Uruguay)"}
{"level":"info","message":"Escuchando puerto 8080 > Thu Dec 12 2024 23:19:05 GMT-0300 (hora estándar de Uruguay)"}
{"level":"info","message":"Escuchando puerto 8080 > Thu Dec 12 2024 23:19:05 GMT-0300 (hora estándar de Uruguay)"}
{"level":"info","message":"Proceso Principal ID:"}
{"level":"info","message":"Soy el cluster principal, voy a forkear (worker) > Thu Dec 12 2024 23:19:22 GMT-0300 (hora estándar de Uruguay)"}
{"level":"info","message":"BBDD conectada > Thu Dec 12 2024 23:19:25 GMT-0300 (hora estándar de Uruguay)"}
{"level":"info","message":"BBDD conectada > Thu Dec 12 2024 23:19:25 GMT-0300 (hora estándar de Uruguay)"}
{"level":"info","message":"Escuchando puerto 8080 > Thu Dec 12 2024 23:19:25 GMT-0300 (hora estándar de Uruguay)"}
{"level":"info","message":"Escuchando puerto 8080 > Thu Dec 12 2024 23:19:25 GMT-0300 (hora estándar de Uruguay)"}
{"level":"info","message":"BBDD conectada > Thu Dec 12 2024 23:19:25 GMT-0300 (hora estándar de Uruguay)"}
{"level":"info","message":"BBDD conectada > Thu Dec 12 2024 23:19:25 GMT-0300 (hora estándar de Uruguay)"}
{"level":"info","message":"Escuchando puerto 8080 > Thu Dec 12 2024 23:19:25 GMT-0300 (hora estándar de Uruguay)"}
{"level":"info","message":"BBDD conectada > Thu Dec 12 2024 23:19:25 GMT-0300 (hora estándar de Uruguay)"}
{"level":"info","message":"Escuchando puerto 8080 > Thu Dec 12 2024 23:19:25 GMT-0300 (hora estándar de Uruguay)"}
{"level":"info","message":"BBDD conectada > Thu Dec 12 2024 23:19:25 GMT-0300 (hora estándar de Uruguay)"}
{"level":"info","message":"Escuchando puerto 8080 > Thu Dec 12 2024 23:19:25 GMT-0300 (hora estándar de Uruguay)"}
{"level":"info","message":"BBDD conectada > Thu Dec 12 2024 23:19:25 GMT-0300 (hora estándar de Uruguay)"}
{"level":"info","message":"BBDD conectada > Thu Dec 12 2024 23:19:25 GMT-0300 (hora estándar de Uruguay)"}
{"level":"info","message":"Escuchando puerto 8080 > Thu Dec 12 2024 23:19:25 GMT-0300 (hora estándar de Uruguay)"}
{"level":"info","message":"Escuchando puerto 8080 > Thu Dec 12 2024 23:19:25 GMT-0300 (hora estándar de Uruguay)"}
{"level":"info","message":"Escuchando puerto 8080 > Thu Dec 12 2024 23:19:25 GMT-0300 (hora estándar de Uruguay)"}
{"level":"http","message":"POST en /api/sessions/register - 11:19:29 p. m."}
{"level":"http","message":"POST en /api/sessions/login - 11:19:29 p. m."}
{"level":"info","message":"Proceso Principal ID:"}
{"level":"info","message":"Soy el cluster principal, voy a forkear (worker) > Thu Dec 12 2024 23:19:59 GMT-0300 (hora estándar de Uruguay)"}
{"level":"info","message":"BBDD conectada > Thu Dec 12 2024 23:20:02 GMT-0300 (hora estándar de Uruguay)"}
{"level":"info","message":"BBDD conectada > Thu Dec 12 2024 23:20:02 GMT-0300 (hora estándar de Uruguay)"}
{"level":"info","message":"Escuchando puerto 8080 > Thu Dec 12 2024 23:20:02 GMT-0300 (hora estándar de Uruguay)"}
{"level":"info","message":"Escuchando puerto 8080 > Thu Dec 12 2024 23:20:02 GMT-0300 (hora estándar de Uruguay)"}
{"level":"info","message":"BBDD conectada > Thu Dec 12 2024 23:20:02 GMT-0300 (hora estándar de Uruguay)"}
{"level":"info","message":"BBDD conectada > Thu Dec 12 2024 23:20:02 GMT-0300 (hora estándar de Uruguay)"}
{"level":"info","message":"Escuchando puerto 8080 > Thu Dec 12 2024 23:20:02 GMT-0300 (hora estándar de Uruguay)"}
{"level":"info","message":"BBDD conectada > Thu Dec 12 2024 23:20:02 GMT-0300 (hora estándar de Uruguay)"}
{"level":"info","message":"Escuchando puerto 8080 > Thu Dec 12 2024 23:20:02 GMT-0300 (hora estándar de Uruguay)"}
{"level":"info","message":"Escuchando puerto 8080 > Thu Dec 12 2024 23:20:02 GMT-0300 (hora estándar de Uruguay)"}
{"level":"info","message":"BBDD conectada > Thu Dec 12 2024 23:20:03 GMT-0300 (hora estándar de Uruguay)"}
{"level":"info","message":"BBDD conectada > Thu Dec 12 2024 23:20:03 GMT-0300 (hora estándar de Uruguay)"}
{"level":"info","message":"Escuchando puerto 8080 > Thu Dec 12 2024 23:20:03 GMT-0300 (hora estándar de Uruguay)"}
{"level":"info","message":"Escuchando puerto 8080 > Thu Dec 12 2024 23:20:03 GMT-0300 (hora estándar de Uruguay)"}
{"level":"info","message":"BBDD conectada > Thu Dec 12 2024 23:20:03 GMT-0300 (hora estándar de Uruguay)"}
{"level":"info","message":"Escuchando puerto 8080 > Thu Dec 12 2024 23:20:03 GMT-0300 (hora estándar de Uruguay)"}
{"level":"http","message":"POST en /api/sessions/register - 11:20:03 p. m."}
{"level":"http","message":"POST en /api/sessions/login - 11:20:03 p. m."}
{"level":"info","message":"Proceso Principal ID:"}
{"level":"info","message":"Soy el cluster principal, voy a forkear (worker) > Thu Dec 12 2024 23:21:30 GMT-0300 (hora estándar de Uruguay)"}
{"level":"info","message":"BBDD conectada > Thu Dec 12 2024 23:21:33 GMT-0300 (hora estándar de Uruguay)"}
{"level":"info","message":"BBDD conectada > Thu Dec 12 2024 23:21:33 GMT-0300 (hora estándar de Uruguay)"}
{"level":"info","message":"BBDD conectada > Thu Dec 12 2024 23:21:33 GMT-0300 (hora estándar de Uruguay)"}
{"level":"info","message":"BBDD conectada > Thu Dec 12 2024 23:21:33 GMT-0300 (hora estándar de Uruguay)"}
{"level":"info","message":"BBDD conectada > Thu Dec 12 2024 23:21:33 GMT-0300 (hora estándar de Uruguay)"}
{"level":"info","message":"BBDD conectada > Thu Dec 12 2024 23:21:33 GMT-0300 (hora estándar de Uruguay)"}
{"level":"info","message":"Escuchando puerto 8080 > Thu Dec 12 2024 23:21:33 GMT-0300 (hora estándar de Uruguay)"}
{"level":"info","message":"Escuchando puerto 8080 > Thu Dec 12 2024 23:21:33 GMT-0300 (hora estándar de Uruguay)"}
{"level":"info","message":"Escuchando puerto 8080 > Thu Dec 12 2024 23:21:33 GMT-0300 (hora estándar de Uruguay)"}
{"level":"info","message":"Escuchando puerto 8080 > Thu Dec 12 2024 23:21:33 GMT-0300 (hora estándar de Uruguay)"}
{"level":"info","message":"BBDD conectada > Thu Dec 12 2024 23:21:33 GMT-0300 (hora estándar de Uruguay)"}
{"level":"info","message":"Escuchando puerto 8080 > Thu Dec 12 2024 23:21:33 GMT-0300 (hora estándar de Uruguay)"}
{"level":"info","message":"Escuchando puerto 8080 > Thu Dec 12 2024 23:21:33 GMT-0300 (hora estándar de Uruguay)"}
{"level":"info","message":"BBDD conectada > Thu Dec 12 2024 23:21:33 GMT-0300 (hora estándar de Uruguay)"}
{"level":"info","message":"Escuchando puerto 8080 > Thu Dec 12 2024 23:21:33 GMT-0300 (hora estándar de Uruguay)"}
{"level":"info","message":"Escuchando puerto 8080 > Thu Dec 12 2024 23:21:33 GMT-0300 (hora estándar de Uruguay)"}
{"level":"info","message":"Proceso Principal ID:"}
{"level":"info","message":"Soy el cluster principal, voy a forkear (worker) > Thu Dec 12 2024 23:21:47 GMT-0300 (hora estándar de Uruguay)"}
{"level":"info","message":"BBDD conectada > Thu Dec 12 2024 23:21:50 GMT-0300 (hora estándar de Uruguay)"}
{"level":"info","message":"BBDD conectada > Thu Dec 12 2024 23:21:50 GMT-0300 (hora estándar de Uruguay)"}
{"level":"info","message":"Escuchando puerto 8080 > Thu Dec 12 2024 23:21:50 GMT-0300 (hora estándar de Uruguay)"}
{"level":"info","message":"Escuchando puerto 8080 > Thu Dec 12 2024 23:21:50 GMT-0300 (hora estándar de Uruguay)"}
{"level":"info","message":"BBDD conectada > Thu Dec 12 2024 23:21:50 GMT-0300 (hora estándar de Uruguay)"}
{"level":"info","message":"Escuchando puerto 8080 > Thu Dec 12 2024 23:21:50 GMT-0300 (hora estándar de Uruguay)"}
{"level":"info","message":"BBDD conectada > Thu Dec 12 2024 23:21:50 GMT-0300 (hora estándar de Uruguay)"}
{"level":"info","message":"BBDD conectada > Thu Dec 12 2024 23:21:50 GMT-0300 (hora estándar de Uruguay)"}
{"level":"info","message":"BBDD conectada > Thu Dec 12 2024 23:21:50 GMT-0300 (hora estándar de Uruguay)"}
{"level":"info","message":"Escuchando puerto 8080 > Thu Dec 12 2024 23:21:50 GMT-0300 (hora estándar de Uruguay)"}
{"level":"info","message":"Escuchando puerto 8080 > Thu Dec 12 2024 23:21:50 GMT-0300 (hora estándar de Uruguay)"}
{"level":"info","message":"Escuchando puerto 8080 > Thu Dec 12 2024 23:21:50 GMT-0300 (hora estándar de Uruguay)"}
{"level":"info","message":"BBDD conectada > Thu Dec 12 2024 23:21:52 GMT-0300 (hora estándar de Uruguay)"}
{"level":"info","message":"BBDD conectada > Thu Dec 12 2024 23:21:52 GMT-0300 (hora estándar de Uruguay)"}
{"level":"info","message":"Escuchando puerto 8080 > Thu Dec 12 2024 23:21:52 GMT-0300 (hora estándar de Uruguay)"}
{"level":"info","message":"Escuchando puerto 8080 > Thu Dec 12 2024 23:21:52 GMT-0300 (hora estándar de Uruguay)"}
{"level":"info","message":"Proceso Principal ID:"}
{"level":"info","message":"Soy el cluster principal, voy a forkear (worker) > Thu Dec 12 2024 23:22:07 GMT-0300 (hora estándar de Uruguay)"}
{"level":"info","message":"BBDD conectada > Thu Dec 12 2024 23:22:10 GMT-0300 (hora estándar de Uruguay)"}
{"level":"info","message":"BBDD conectada > Thu Dec 12 2024 23:22:10 GMT-0300 (hora estándar de Uruguay)"}
{"level":"info","message":"Escuchando puerto 8080 > Thu Dec 12 2024 23:22:10 GMT-0300 (hora estándar de Uruguay)"}
{"level":"info","message":"BBDD conectada > Thu Dec 12 2024 23:22:10 GMT-0300 (hora estándar de Uruguay)"}
{"level":"info","message":"Escuchando puerto 8080 > Thu Dec 12 2024 23:22:10 GMT-0300 (hora estándar de Uruguay)"}
{"level":"info","message":"BBDD conectada > Thu Dec 12 2024 23:22:10 GMT-0300 (hora estándar de Uruguay)"}
{"level":"info","message":"Escuchando puerto 8080 > Thu Dec 12 2024 23:22:10 GMT-0300 (hora estándar de Uruguay)"}
{"level":"info","message":"Escuchando puerto 8080 > Thu Dec 12 2024 23:22:10 GMT-0300 (hora estándar de Uruguay)"}
{"level":"info","message":"BBDD conectada > Thu Dec 12 2024 23:22:10 GMT-0300 (hora estándar de Uruguay)"}
{"level":"info","message":"Escuchando puerto 8080 > Thu Dec 12 2024 23:22:10 GMT-0300 (hora estándar de Uruguay)"}
{"level":"info","message":"BBDD conectada > Thu Dec 12 2024 23:22:10 GMT-0300 (hora estándar de Uruguay)"}
{"level":"info","message":"Escuchando puerto 8080 > Thu Dec 12 2024 23:22:10 GMT-0300 (hora estándar de Uruguay)"}
{"level":"info","message":"BBDD conectada > Thu Dec 12 2024 23:22:10 GMT-0300 (hora estándar de Uruguay)"}
{"level":"info","message":"Escuchando puerto 8080 > Thu Dec 12 2024 23:22:10 GMT-0300 (hora estándar de Uruguay)"}
{"level":"info","message":"BBDD conectada > Thu Dec 12 2024 23:22:11 GMT-0300 (hora estándar de Uruguay)"}
{"level":"info","message":"Escuchando puerto 8080 > Thu Dec 12 2024 23:22:11 GMT-0300 (hora estándar de Uruguay)"}
{"level":"http","message":"POST en /api/sessions/register - 11:22:13 p. m."}
{"level":"http","message":"POST en /api/sessions/login - 11:22:13 p. m."}
{"level":"info","message":"Proceso Principal ID:"}
{"level":"info","message":"Soy el cluster principal, voy a forkear (worker) > Thu Dec 12 2024 23:23:05 GMT-0300 (hora estándar de Uruguay)"}
{"level":"info","message":"BBDD conectada > Thu Dec 12 2024 23:23:08 GMT-0300 (hora estándar de Uruguay)"}
{"level":"info","message":"BBDD conectada > Thu Dec 12 2024 23:23:08 GMT-0300 (hora estándar de Uruguay)"}
{"level":"info","message":"BBDD conectada > Thu Dec 12 2024 23:23:08 GMT-0300 (hora estándar de Uruguay)"}
{"level":"info","message":"Escuchando puerto 8080 > Thu Dec 12 2024 23:23:08 GMT-0300 (hora estándar de Uruguay)"}
{"level":"info","message":"Escuchando puerto 8080 > Thu Dec 12 2024 23:23:08 GMT-0300 (hora estándar de Uruguay)"}
{"level":"info","message":"BBDD conectada > Thu Dec 12 2024 23:23:08 GMT-0300 (hora estándar de Uruguay)"}
{"level":"info","message":"BBDD conectada > Thu Dec 12 2024 23:23:08 GMT-0300 (hora estándar de Uruguay)"}
{"level":"info","message":"BBDD conectada > Thu Dec 12 2024 23:23:08 GMT-0300 (hora estándar de Uruguay)"}
{"level":"info","message":"BBDD conectada > Thu Dec 12 2024 23:23:08 GMT-0300 (hora estándar de Uruguay)"}
{"level":"info","message":"Escuchando puerto 8080 > Thu Dec 12 2024 23:23:08 GMT-0300 (hora estándar de Uruguay)"}
{"level":"info","message":"BBDD conectada > Thu Dec 12 2024 23:23:08 GMT-0300 (hora estándar de Uruguay)"}
{"level":"info","message":"Escuchando puerto 8080 > Thu Dec 12 2024 23:23:08 GMT-0300 (hora estándar de Uruguay)"}
{"level":"info","message":"Escuchando puerto 8080 > Thu Dec 12 2024 23:23:08 GMT-0300 (hora estándar de Uruguay)"}
{"level":"info","message":"Escuchando puerto 8080 > Thu Dec 12 2024 23:23:08 GMT-0300 (hora estándar de Uruguay)"}
{"level":"info","message":"Escuchando puerto 8080 > Thu Dec 12 2024 23:23:08 GMT-0300 (hora estándar de Uruguay)"}
{"level":"info","message":"Escuchando puerto 8080 > Thu Dec 12 2024 23:23:08 GMT-0300 (hora estándar de Uruguay)"}
{"level":"info","message":"Proceso Principal ID:"}
{"level":"info","message":"Soy el cluster principal, voy a forkear (worker) > Thu Dec 12 2024 23:23:12 GMT-0300 (hora estándar de Uruguay)"}
{"level":"info","message":"BBDD conectada > Thu Dec 12 2024 23:23:15 GMT-0300 (hora estándar de Uruguay)"}
{"level":"info","message":"BBDD conectada > Thu Dec 12 2024 23:23:15 GMT-0300 (hora estándar de Uruguay)"}
{"level":"info","message":"Escuchando puerto 8080 > Thu Dec 12 2024 23:23:15 GMT-0300 (hora estándar de Uruguay)"}
{"level":"info","message":"BBDD conectada > Thu Dec 12 2024 23:23:15 GMT-0300 (hora estándar de Uruguay)"}
{"level":"info","message":"BBDD conectada > Thu Dec 12 2024 23:23:15 GMT-0300 (hora estándar de Uruguay)"}
{"level":"info","message":"Escuchando puerto 8080 > Thu Dec 12 2024 23:23:15 GMT-0300 (hora estándar de Uruguay)"}
{"level":"info","message":"Escuchando puerto 8080 > Thu Dec 12 2024 23:23:15 GMT-0300 (hora estándar de Uruguay)"}
{"level":"info","message":"BBDD conectada > Thu Dec 12 2024 23:23:15 GMT-0300 (hora estándar de Uruguay)"}
{"level":"info","message":"Escuchando puerto 8080 > Thu Dec 12 2024 23:23:15 GMT-0300 (hora estándar de Uruguay)"}
{"level":"info","message":"BBDD conectada > Thu Dec 12 2024 23:23:15 GMT-0300 (hora estándar de Uruguay)"}
{"level":"info","message":"Escuchando puerto 8080 > Thu Dec 12 2024 23:23:15 GMT-0300 (hora estándar de Uruguay)"}
{"level":"info","message":"BBDD conectada > Thu Dec 12 2024 23:23:15 GMT-0300 (hora estándar de Uruguay)"}
{"level":"info","message":"Escuchando puerto 8080 > Thu Dec 12 2024 23:23:15 GMT-0300 (hora estándar de Uruguay)"}
{"level":"info","message":"BBDD conectada > Thu Dec 12 2024 23:23:15 GMT-0300 (hora estándar de Uruguay)"}
{"level":"http","message":"POST en /api/sessions/register - 11:23:15 p. m."}
{"level":"info","message":"Escuchando puerto 8080 > Thu Dec 12 2024 23:23:15 GMT-0300 (hora estándar de Uruguay)"}
{"level":"info","message":"Escuchando puerto 8080 > Thu Dec 12 2024 23:23:15 GMT-0300 (hora estándar de Uruguay)"}
{"level":"http","message":"POST en /api/sessions/login - 11:23:15 p. m."}
{"level":"info","message":"Proceso Principal ID:"}
{"level":"info","message":"Soy el cluster principal, voy a forkear (worker) > Thu Dec 12 2024 23:23:23 GMT-0300 (hora estándar de Uruguay)"}
{"level":"info","message":"BBDD conectada > Thu Dec 12 2024 23:23:26 GMT-0300 (hora estándar de Uruguay)"}
{"level":"info","message":"BBDD conectada > Thu Dec 12 2024 23:23:26 GMT-0300 (hora estándar de Uruguay)"}
{"level":"info","message":"BBDD conectada > Thu Dec 12 2024 23:23:26 GMT-0300 (hora estándar de Uruguay)"}
{"level":"info","message":"BBDD conectada > Thu Dec 12 2024 23:23:26 GMT-0300 (hora estándar de Uruguay)"}
{"level":"info","message":"BBDD conectada > Thu Dec 12 2024 23:23:26 GMT-0300 (hora estándar de Uruguay)"}
{"level":"info","message":"Escuchando puerto 8080 > Thu Dec 12 2024 23:23:26 GMT-0300 (hora estándar de Uruguay)"}
{"level":"info","message":"BBDD conectada > Thu Dec 12 2024 23:23:26 GMT-0300 (hora estándar de Uruguay)"}
{"level":"info","message":"BBDD conectada > Thu Dec 12 2024 23:23:26 GMT-0300 (hora estándar de Uruguay)"}
{"level":"info","message":"BBDD conectada > Thu Dec 12 2024 23:23:26 GMT-0300 (hora estándar de Uruguay)"}
{"level":"info","message":"Escuchando puerto 8080 > Thu Dec 12 2024 23:23:26 GMT-0300 (hora estándar de Uruguay)"}
{"level":"info","message":"Escuchando puerto 8080 > Thu Dec 12 2024 23:23:26 GMT-0300 (hora estándar de Uruguay)"}
{"level":"info","message":"Escuchando puerto 8080 > Thu Dec 12 2024 23:23:26 GMT-0300 (hora estándar de Uruguay)"}
{"level":"info","message":"Escuchando puerto 8080 > Thu Dec 12 2024 23:23:26 GMT-0300 (hora estándar de Uruguay)"}
{"level":"info","message":"Escuchando puerto 8080 > Thu Dec 12 2024 23:23:26 GMT-0300 (hora estándar de Uruguay)"}
{"level":"info","message":"Escuchando puerto 8080 > Thu Dec 12 2024 23:23:26 GMT-0300 (hora estándar de Uruguay)"}
{"level":"info","message":"Escuchando puerto 8080 > Thu Dec 12 2024 23:23:26 GMT-0300 (hora estándar de Uruguay)"}
{"level":"http","message":"POST en /api/sessions/register - 11:23:29 p. m."}
{"level":"http","message":"POST en /api/sessions/login - 11:23:29 p. m."}
{"level":"info","message":"Proceso Principal ID:"}
{"level":"info","message":"Soy el cluster principal, voy a forkear (worker) > Thu Dec 12 2024 23:24:33 GMT-0300 (hora estándar de Uruguay)"}
{"level":"info","message":"BBDD conectada > Thu Dec 12 2024 23:24:36 GMT-0300 (hora estándar de Uruguay)"}
{"level":"info","message":"BBDD conectada > Thu Dec 12 2024 23:24:36 GMT-0300 (hora estándar de Uruguay)"}
{"level":"info","message":"BBDD conectada > Thu Dec 12 2024 23:24:36 GMT-0300 (hora estándar de Uruguay)"}
{"level":"info","message":"Escuchando puerto 8080 > Thu Dec 12 2024 23:24:36 GMT-0300 (hora estándar de Uruguay)"}
{"level":"info","message":"BBDD conectada > Thu Dec 12 2024 23:24:36 GMT-0300 (hora estándar de Uruguay)"}
{"level":"info","message":"Escuchando puerto 8080 > Thu Dec 12 2024 23:24:36 GMT-0300 (hora estándar de Uruguay)"}
{"level":"info","message":"BBDD conectada > Thu Dec 12 2024 23:24:36 GMT-0300 (hora estándar de Uruguay)"}
{"level":"info","message":"BBDD conectada > Thu Dec 12 2024 23:24:36 GMT-0300 (hora estándar de Uruguay)"}
{"level":"info","message":"BBDD conectada > Thu Dec 12 2024 23:24:36 GMT-0300 (hora estándar de Uruguay)"}
{"level":"info","message":"Escuchando puerto 8080 > Thu Dec 12 2024 23:24:36 GMT-0300 (hora estándar de Uruguay)"}
{"level":"info","message":"Escuchando puerto 8080 > Thu Dec 12 2024 23:24:36 GMT-0300 (hora estándar de Uruguay)"}
{"level":"info","message":"Escuchando puerto 8080 > Thu Dec 12 2024 23:24:36 GMT-0300 (hora estándar de Uruguay)"}
{"level":"info","message":"Escuchando puerto 8080 > Thu Dec 12 2024 23:24:36 GMT-0300 (hora estándar de Uruguay)"}
{"level":"info","message":"Escuchando puerto 8080 > Thu Dec 12 2024 23:24:36 GMT-0300 (hora estándar de Uruguay)"}
{"level":"info","message":"BBDD conectada > Thu Dec 12 2024 23:24:37 GMT-0300 (hora estándar de Uruguay)"}
{"level":"info","message":"Escuchando puerto 8080 > Thu Dec 12 2024 23:24:37 GMT-0300 (hora estándar de Uruguay)"}
{"level":"http","message":"POST en /api/sessions/register - 11:24:40 p. m."}
{"level":"http","message":"POST en /api/sessions/login - 11:24:40 p. m."}
{"level":"info","message":"Proceso Principal ID:"}
{"level":"info","message":"Soy el cluster principal, voy a forkear (worker) > Thu Dec 12 2024 23:25:26 GMT-0300 (hora estándar de Uruguay)"}
{"level":"info","message":"Proceso Principal ID:"}
{"level":"info","message":"Soy el cluster principal, voy a forkear (worker) > Thu Dec 12 2024 23:25:30 GMT-0300 (hora estándar de Uruguay)"}
{"level":"info","message":"BBDD conectada > Thu Dec 12 2024 23:25:33 GMT-0300 (hora estándar de Uruguay)"}
{"level":"info","message":"BBDD conectada > Thu Dec 12 2024 23:25:33 GMT-0300 (hora estándar de Uruguay)"}
{"level":"info","message":"BBDD conectada > Thu Dec 12 2024 23:25:33 GMT-0300 (hora estándar de Uruguay)"}
{"level":"info","message":"BBDD conectada > Thu Dec 12 2024 23:25:33 GMT-0300 (hora estándar de Uruguay)"}
{"level":"info","message":"BBDD conectada > Thu Dec 12 2024 23:25:33 GMT-0300 (hora estándar de Uruguay)"}
{"level":"info","message":"Escuchando puerto 8080 > Thu Dec 12 2024 23:25:33 GMT-0300 (hora estándar de Uruguay)"}
{"level":"info","message":"BBDD conectada > Thu Dec 12 2024 23:25:33 GMT-0300 (hora estándar de Uruguay)"}
{"level":"info","message":"BBDD conectada > Thu Dec 12 2024 23:25:33 GMT-0300 (hora estándar de Uruguay)"}
{"level":"info","message":"BBDD conectada > Thu Dec 12 2024 23:25:33 GMT-0300 (hora estándar de Uruguay)"}
{"level":"info","message":"Escuchando puerto 8080 > Thu Dec 12 2024 23:25:33 GMT-0300 (hora estándar de Uruguay)"}
{"level":"info","message":"Escuchando puerto 8080 > Thu Dec 12 2024 23:25:33 GMT-0300 (hora estándar de Uruguay)"}
{"level":"info","message":"Escuchando puerto 8080 > Thu Dec 12 2024 23:25:33 GMT-0300 (hora estándar de Uruguay)"}
{"level":"info","message":"Escuchando puerto 8080 > Thu Dec 12 2024 23:25:33 GMT-0300 (hora estándar de Uruguay)"}
{"level":"info","message":"Escuchando puerto 8080 > Thu Dec 12 2024 23:25:33 GMT-0300 (hora estándar de Uruguay)"}
{"level":"info","message":"Escuchando puerto 8080 > Thu Dec 12 2024 23:25:33 GMT-0300 (hora estándar de Uruguay)"}
{"level":"info","message":"Escuchando puerto 8080 > Thu Dec 12 2024 23:25:33 GMT-0300 (hora estándar de Uruguay)"}
{"level":"http","message":"POST en /api/sessions/register - 11:25:37 p. m."}
{"level":"http","message":"POST en /api/sessions/login - 11:25:38 p. m."}
{"level":"info","message":"Proceso Principal ID:"}
{"level":"info","message":"Soy el cluster principal, voy a forkear (worker) > Thu Dec 12 2024 23:26:33 GMT-0300 (hora estándar de Uruguay)"}
{"level":"info","message":"Proceso Principal ID:"}
{"level":"info","message":"Soy el cluster principal, voy a forkear (worker) > Thu Dec 12 2024 23:26:38 GMT-0300 (hora estándar de Uruguay)"}
{"level":"info","message":"BBDD conectada > Thu Dec 12 2024 23:26:41 GMT-0300 (hora estándar de Uruguay)"}
{"level":"info","message":"BBDD conectada > Thu Dec 12 2024 23:26:41 GMT-0300 (hora estándar de Uruguay)"}
{"level":"info","message":"Escuchando puerto 8080 > Thu Dec 12 2024 23:26:41 GMT-0300 (hora estándar de Uruguay)"}
{"level":"info","message":"BBDD conectada > Thu Dec 12 2024 23:26:41 GMT-0300 (hora estándar de Uruguay)"}
{"level":"info","message":"Escuchando puerto 8080 > Thu Dec 12 2024 23:26:41 GMT-0300 (hora estándar de Uruguay)"}
{"level":"info","message":"BBDD conectada > Thu Dec 12 2024 23:26:41 GMT-0300 (hora estándar de Uruguay)"}
{"level":"info","message":"Escuchando puerto 8080 > Thu Dec 12 2024 23:26:41 GMT-0300 (hora estándar de Uruguay)"}
{"level":"info","message":"Escuchando puerto 8080 > Thu Dec 12 2024 23:26:41 GMT-0300 (hora estándar de Uruguay)"}
{"level":"info","message":"BBDD conectada > Thu Dec 12 2024 23:26:41 GMT-0300 (hora estándar de Uruguay)"}
{"level":"info","message":"BBDD conectada > Thu Dec 12 2024 23:26:41 GMT-0300 (hora estándar de Uruguay)"}
{"level":"info","message":"Escuchando puerto 8080 > Thu Dec 12 2024 23:26:41 GMT-0300 (hora estándar de Uruguay)"}
{"level":"info","message":"Escuchando puerto 8080 > Thu Dec 12 2024 23:26:41 GMT-0300 (hora estándar de Uruguay)"}
{"level":"info","message":"BBDD conectada > Thu Dec 12 2024 23:26:41 GMT-0300 (hora estándar de Uruguay)"}
{"level":"info","message":"Escuchando puerto 8080 > Thu Dec 12 2024 23:26:41 GMT-0300 (hora estándar de Uruguay)"}
{"level":"info","message":"BBDD conectada > Thu Dec 12 2024 23:26:41 GMT-0300 (hora estándar de Uruguay)"}
{"level":"info","message":"Escuchando puerto 8080 > Thu Dec 12 2024 23:26:41 GMT-0300 (hora estándar de Uruguay)"}
{"level":"http","message":"POST en /api/sessions/register - 11:26:46 p. m."}
{"level":"http","message":"POST en /api/sessions/login - 11:26:46 p. m."}
{"level":"info","message":"Proceso Principal ID:"}
{"level":"info","message":"Soy el cluster principal, voy a forkear (worker) > Thu Dec 12 2024 23:27:44 GMT-0300 (hora estándar de Uruguay)"}
{"level":"info","message":"Proceso Principal ID:"}
{"level":"info","message":"Soy el cluster principal, voy a forkear (worker) > Thu Dec 12 2024 23:27:49 GMT-0300 (hora estándar de Uruguay)"}
{"level":"info","message":"BBDD conectada > Thu Dec 12 2024 23:27:52 GMT-0300 (hora estándar de Uruguay)"}
{"level":"info","message":"BBDD conectada > Thu Dec 12 2024 23:27:52 GMT-0300 (hora estándar de Uruguay)"}
{"level":"info","message":"Escuchando puerto 8080 > Thu Dec 12 2024 23:27:52 GMT-0300 (hora estándar de Uruguay)"}
{"level":"info","message":"BBDD conectada > Thu Dec 12 2024 23:27:52 GMT-0300 (hora estándar de Uruguay)"}
{"level":"info","message":"BBDD conectada > Thu Dec 12 2024 23:27:52 GMT-0300 (hora estándar de Uruguay)"}
{"level":"info","message":"Escuchando puerto 8080 > Thu Dec 12 2024 23:27:52 GMT-0300 (hora estándar de Uruguay)"}
{"level":"info","message":"BBDD conectada > Thu Dec 12 2024 23:27:52 GMT-0300 (hora estándar de Uruguay)"}
{"level":"info","message":"Escuchando puerto 8080 > Thu Dec 12 2024 23:27:52 GMT-0300 (hora estándar de Uruguay)"}
{"level":"info","message":"BBDD conectada > Thu Dec 12 2024 23:27:52 GMT-0300 (hora estándar de Uruguay)"}
{"level":"info","message":"Escuchando puerto 8080 > Thu Dec 12 2024 23:27:52 GMT-0300 (hora estándar de Uruguay)"}
{"level":"info","message":"BBDD conectada > Thu Dec 12 2024 23:27:52 GMT-0300 (hora estándar de Uruguay)"}
{"level":"info","message":"Escuchando puerto 8080 > Thu Dec 12 2024 23:27:52 GMT-0300 (hora estándar de Uruguay)"}
{"level":"info","message":"Escuchando puerto 8080 > Thu Dec 12 2024 23:27:52 GMT-0300 (hora estándar de Uruguay)"}
{"level":"info","message":"Escuchando puerto 8080 > Thu Dec 12 2024 23:27:52 GMT-0300 (hora estándar de Uruguay)"}
{"level":"info","message":"BBDD conectada > Thu Dec 12 2024 23:27:53 GMT-0300 (hora estándar de Uruguay)"}
{"level":"info","message":"Escuchando puerto 8080 > Thu Dec 12 2024 23:27:53 GMT-0300 (hora estándar de Uruguay)"}
{"level":"http","message":"POST en /api/sessions/register - 11:27:56 p. m."}
{"level":"http","message":"POST en /api/sessions/login - 11:27:56 p. m."}
{"level":"info","message":"Proceso Principal ID:"}
{"level":"info","message":"Soy el cluster principal, voy a forkear (worker) > Thu Dec 12 2024 23:29:26 GMT-0300 (hora estándar de Uruguay)"}
{"level":"info","message":"Proceso Principal ID:"}
{"level":"info","message":"Soy el cluster principal, voy a forkear (worker) > Thu Dec 12 2024 23:29:31 GMT-0300 (hora estándar de Uruguay)"}
{"level":"info","message":"BBDD conectada > Thu Dec 12 2024 23:29:34 GMT-0300 (hora estándar de Uruguay)"}
{"level":"info","message":"BBDD conectada > Thu Dec 12 2024 23:29:34 GMT-0300 (hora estándar de Uruguay)"}
{"level":"info","message":"BBDD conectada > Thu Dec 12 2024 23:29:34 GMT-0300 (hora estándar de Uruguay)"}
{"level":"info","message":"Escuchando puerto 8080 > Thu Dec 12 2024 23:29:34 GMT-0300 (hora estándar de Uruguay)"}
{"level":"info","message":"Escuchando puerto 8080 > Thu Dec 12 2024 23:29:34 GMT-0300 (hora estándar de Uruguay)"}
{"level":"info","message":"Escuchando puerto 8080 > Thu Dec 12 2024 23:29:34 GMT-0300 (hora estándar de Uruguay)"}
{"level":"info","message":"BBDD conectada > Thu Dec 12 2024 23:29:34 GMT-0300 (hora estándar de Uruguay)"}
{"level":"info","message":"BBDD conectada > Thu Dec 12 2024 23:29:34 GMT-0300 (hora estándar de Uruguay)"}
{"level":"info","message":"Escuchando puerto 8080 > Thu Dec 12 2024 23:29:34 GMT-0300 (hora estándar de Uruguay)"}
{"level":"info","message":"Escuchando puerto 8080 > Thu Dec 12 2024 23:29:34 GMT-0300 (hora estándar de Uruguay)"}
{"level":"info","message":"BBDD conectada > Thu Dec 12 2024 23:29:34 GMT-0300 (hora estándar de Uruguay)"}
{"level":"info","message":"Escuchando puerto 8080 > Thu Dec 12 2024 23:29:34 GMT-0300 (hora estándar de Uruguay)"}
{"level":"info","message":"BBDD conectada > Thu Dec 12 2024 23:29:34 GMT-0300 (hora estándar de Uruguay)"}
{"level":"info","message":"Escuchando puerto 8080 > Thu Dec 12 2024 23:29:34 GMT-0300 (hora estándar de Uruguay)"}
{"level":"info","message":"BBDD conectada > Thu Dec 12 2024 23:29:36 GMT-0300 (hora estándar de Uruguay)"}
{"level":"info","message":"Escuchando puerto 8080 > Thu Dec 12 2024 23:29:36 GMT-0300 (hora estándar de Uruguay)"}
{"level":"http","message":"POST en /api/sessions/register - 11:29:38 p. m."}
{"level":"http","message":"POST en /api/sessions/login - 11:29:38 p. m."}
{"level":"info","message":"Proceso Principal ID:"}
{"level":"info","message":"Soy el cluster principal, voy a forkear (worker) > Thu Dec 12 2024 23:29:56 GMT-0300 (hora estándar de Uruguay)"}
{"level":"info","message":"Proceso Principal ID:"}
{"level":"info","message":"Soy el cluster principal, voy a forkear (worker) > Thu Dec 12 2024 23:30:02 GMT-0300 (hora estándar de Uruguay)"}
{"level":"info","message":"BBDD conectada > Thu Dec 12 2024 23:30:05 GMT-0300 (hora estándar de Uruguay)"}
{"level":"info","message":"Escuchando puerto 8080 > Thu Dec 12 2024 23:30:05 GMT-0300 (hora estándar de Uruguay)"}
{"level":"info","message":"BBDD conectada > Thu Dec 12 2024 23:30:05 GMT-0300 (hora estándar de Uruguay)"}
{"level":"info","message":"BBDD conectada > Thu Dec 12 2024 23:30:05 GMT-0300 (hora estándar de Uruguay)"}
{"level":"info","message":"BBDD conectada > Thu Dec 12 2024 23:30:05 GMT-0300 (hora estándar de Uruguay)"}
{"level":"info","message":"BBDD conectada > Thu Dec 12 2024 23:30:05 GMT-0300 (hora estándar de Uruguay)"}
{"level":"info","message":"BBDD conectada > Thu Dec 12 2024 23:30:05 GMT-0300 (hora estándar de Uruguay)"}
{"level":"info","message":"Escuchando puerto 8080 > Thu Dec 12 2024 23:30:05 GMT-0300 (hora estándar de Uruguay)"}
{"level":"info","message":"Escuchando puerto 8080 > Thu Dec 12 2024 23:30:05 GMT-0300 (hora estándar de Uruguay)"}
{"level":"info","message":"Escuchando puerto 8080 > Thu Dec 12 2024 23:30:05 GMT-0300 (hora estándar de Uruguay)"}
{"level":"info","message":"BBDD conectada > Thu Dec 12 2024 23:30:05 GMT-0300 (hora estándar de Uruguay)"}
{"level":"info","message":"BBDD conectada > Thu Dec 12 2024 23:30:05 GMT-0300 (hora estándar de Uruguay)"}
{"level":"info","message":"Escuchando puerto 8080 > Thu Dec 12 2024 23:30:05 GMT-0300 (hora estándar de Uruguay)"}
{"level":"info","message":"Escuchando puerto 8080 > Thu Dec 12 2024 23:30:05 GMT-0300 (hora estándar de Uruguay)"}
{"level":"info","message":"Escuchando puerto 8080 > Thu Dec 12 2024 23:30:05 GMT-0300 (hora estándar de Uruguay)"}
{"level":"info","message":"Escuchando puerto 8080 > Thu Dec 12 2024 23:30:05 GMT-0300 (hora estándar de Uruguay)"}
{"level":"http","message":"POST en /api/sessions/register - 11:30:08 p. m."}
{"level":"http","message":"POST en /api/sessions/login - 11:30:08 p. m."}
{"level":"info","message":"Proceso Principal ID:"}
{"level":"info","message":"Soy el cluster principal, voy a forkear (worker) > Thu Dec 12 2024 23:30:34 GMT-0300 (hora estándar de Uruguay)"}
{"level":"info","message":"BBDD conectada > Thu Dec 12 2024 23:30:37 GMT-0300 (hora estándar de Uruguay)"}
{"level":"info","message":"BBDD conectada > Thu Dec 12 2024 23:30:37 GMT-0300 (hora estándar de Uruguay)"}
{"level":"info","message":"Escuchando puerto 8080 > Thu Dec 12 2024 23:30:37 GMT-0300 (hora estándar de Uruguay)"}
{"level":"info","message":"Escuchando puerto 8080 > Thu Dec 12 2024 23:30:37 GMT-0300 (hora estándar de Uruguay)"}
{"level":"info","message":"BBDD conectada > Thu Dec 12 2024 23:30:37 GMT-0300 (hora estándar de Uruguay)"}
{"level":"info","message":"BBDD conectada > Thu Dec 12 2024 23:30:37 GMT-0300 (hora estándar de Uruguay)"}
{"level":"info","message":"BBDD conectada > Thu Dec 12 2024 23:30:37 GMT-0300 (hora estándar de Uruguay)"}
{"level":"info","message":"Escuchando puerto 8080 > Thu Dec 12 2024 23:30:37 GMT-0300 (hora estándar de Uruguay)"}
{"level":"info","message":"BBDD conectada > Thu Dec 12 2024 23:30:37 GMT-0300 (hora estándar de Uruguay)"}
{"level":"info","message":"Escuchando puerto 8080 > Thu Dec 12 2024 23:30:37 GMT-0300 (hora estándar de Uruguay)"}
{"level":"info","message":"Escuchando puerto 8080 > Thu Dec 12 2024 23:30:37 GMT-0300 (hora estándar de Uruguay)"}
{"level":"info","message":"BBDD conectada > Thu Dec 12 2024 23:30:37 GMT-0300 (hora estándar de Uruguay)"}
{"level":"info","message":"Escuchando puerto 8080 > Thu Dec 12 2024 23:30:37 GMT-0300 (hora estándar de Uruguay)"}
{"level":"info","message":"BBDD conectada > Thu Dec 12 2024 23:30:37 GMT-0300 (hora estándar de Uruguay)"}
{"level":"info","message":"Escuchando puerto 8080 > Thu Dec 12 2024 23:30:37 GMT-0300 (hora estándar de Uruguay)"}
{"level":"info","message":"Escuchando puerto 8080 > Thu Dec 12 2024 23:30:37 GMT-0300 (hora estándar de Uruguay)"}
{"level":"info","message":"Proceso Principal ID:"}
{"level":"info","message":"Soy el cluster principal, voy a forkear (worker) > Thu Dec 12 2024 23:30:42 GMT-0300 (hora estándar de Uruguay)"}
{"level":"info","message":"BBDD conectada > Thu Dec 12 2024 23:30:44 GMT-0300 (hora estándar de Uruguay)"}
{"level":"info","message":"BBDD conectada > Thu Dec 12 2024 23:30:44 GMT-0300 (hora estándar de Uruguay)"}
{"level":"info","message":"Escuchando puerto 8080 > Thu Dec 12 2024 23:30:44 GMT-0300 (hora estándar de Uruguay)"}
{"level":"info","message":"BBDD conectada > Thu Dec 12 2024 23:30:44 GMT-0300 (hora estándar de Uruguay)"}
{"level":"info","message":"Escuchando puerto 8080 > Thu Dec 12 2024 23:30:45 GMT-0300 (hora estándar de Uruguay)"}
{"level":"info","message":"BBDD conectada > Thu Dec 12 2024 23:30:45 GMT-0300 (hora estándar de Uruguay)"}
{"level":"info","message":"BBDD conectada > Thu Dec 12 2024 23:30:45 GMT-0300 (hora estándar de Uruguay)"}
{"level":"info","message":"Escuchando puerto 8080 > Thu Dec 12 2024 23:30:45 GMT-0300 (hora estándar de Uruguay)"}
{"level":"info","message":"BBDD conectada > Thu Dec 12 2024 23:30:45 GMT-0300 (hora estándar de Uruguay)"}
{"level":"info","message":"Escuchando puerto 8080 > Thu Dec 12 2024 23:30:45 GMT-0300 (hora estándar de Uruguay)"}
{"level":"info","message":"BBDD conectada > Thu Dec 12 2024 23:30:45 GMT-0300 (hora estándar de Uruguay)"}
{"level":"info","message":"Escuchando puerto 8080 > Thu Dec 12 2024 23:30:45 GMT-0300 (hora estándar de Uruguay)"}
{"level":"info","message":"BBDD conectada > Thu Dec 12 2024 23:30:45 GMT-0300 (hora estándar de Uruguay)"}
{"level":"info","message":"Escuchando puerto 8080 > Thu Dec 12 2024 23:30:45 GMT-0300 (hora estándar de Uruguay)"}
{"level":"info","message":"Escuchando puerto 8080 > Thu Dec 12 2024 23:30:45 GMT-0300 (hora estándar de Uruguay)"}
{"level":"info","message":"Escuchando puerto 8080 > Thu Dec 12 2024 23:30:45 GMT-0300 (hora estándar de Uruguay)"}
{"level":"http","message":"POST en /api/sessions/register - 11:30:47 p. m."}
{"level":"http","message":"POST en /api/sessions/login - 11:30:47 p. m."}
{"level":"info","message":"Proceso Principal ID:"}
{"level":"info","message":"Soy el cluster principal, voy a forkear (worker) > Thu Dec 12 2024 23:32:27 GMT-0300 (hora estándar de Uruguay)"}
{"level":"info","message":"BBDD conectada > Thu Dec 12 2024 23:32:30 GMT-0300 (hora estándar de Uruguay)"}
{"level":"info","message":"BBDD conectada > Thu Dec 12 2024 23:32:30 GMT-0300 (hora estándar de Uruguay)"}
{"level":"info","message":"BBDD conectada > Thu Dec 12 2024 23:32:30 GMT-0300 (hora estándar de Uruguay)"}
{"level":"info","message":"BBDD conectada > Thu Dec 12 2024 23:32:30 GMT-0300 (hora estándar de Uruguay)"}
{"level":"info","message":"Escuchando puerto 8080 > Thu Dec 12 2024 23:32:30 GMT-0300 (hora estándar de Uruguay)"}
{"level":"info","message":"Escuchando puerto 8080 > Thu Dec 12 2024 23:32:30 GMT-0300 (hora estándar de Uruguay)"}
{"level":"info","message":"BBDD conectada > Thu Dec 12 2024 23:32:30 GMT-0300 (hora estándar de Uruguay)"}
{"level":"info","message":"BBDD conectada > Thu Dec 12 2024 23:32:30 GMT-0300 (hora estándar de Uruguay)"}
{"level":"info","message":"BBDD conectada > Thu Dec 12 2024 23:32:30 GMT-0300 (hora estándar de Uruguay)"}
{"level":"info","message":"Escuchando puerto 8080 > Thu Dec 12 2024 23:32:30 GMT-0300 (hora estándar de Uruguay)"}
{"level":"info","message":"Escuchando puerto 8080 > Thu Dec 12 2024 23:32:30 GMT-0300 (hora estándar de Uruguay)"}
{"level":"info","message":"Escuchando puerto 8080 > Thu Dec 12 2024 23:32:30 GMT-0300 (hora estándar de Uruguay)"}
{"level":"info","message":"Escuchando puerto 8080 > Thu Dec 12 2024 23:32:30 GMT-0300 (hora estándar de Uruguay)"}
{"level":"info","message":"Escuchando puerto 8080 > Thu Dec 12 2024 23:32:30 GMT-0300 (hora estándar de Uruguay)"}
{"level":"info","message":"BBDD conectada > Thu Dec 12 2024 23:32:31 GMT-0300 (hora estándar de Uruguay)"}
{"level":"info","message":"Escuchando puerto 8080 > Thu Dec 12 2024 23:32:31 GMT-0300 (hora estándar de Uruguay)"}
{"level":"info","message":"Proceso Principal ID:"}
{"level":"info","message":"Soy el cluster principal, voy a forkear (worker) > Thu Dec 12 2024 23:32:33 GMT-0300 (hora estándar de Uruguay)"}
{"level":"info","message":"BBDD conectada > Thu Dec 12 2024 23:32:36 GMT-0300 (hora estándar de Uruguay)"}
{"level":"info","message":"Escuchando puerto 8080 > Thu Dec 12 2024 23:32:36 GMT-0300 (hora estándar de Uruguay)"}
{"level":"info","message":"BBDD conectada > Thu Dec 12 2024 23:32:36 GMT-0300 (hora estándar de Uruguay)"}
{"level":"info","message":"BBDD conectada > Thu Dec 12 2024 23:32:36 GMT-0300 (hora estándar de Uruguay)"}
{"level":"info","message":"BBDD conectada > Thu Dec 12 2024 23:32:36 GMT-0300 (hora estándar de Uruguay)"}
{"level":"info","message":"BBDD conectada > Thu Dec 12 2024 23:32:36 GMT-0300 (hora estándar de Uruguay)"}
{"level":"info","message":"Escuchando puerto 8080 > Thu Dec 12 2024 23:32:36 GMT-0300 (hora estándar de Uruguay)"}
{"level":"info","message":"BBDD conectada > Thu Dec 12 2024 23:32:36 GMT-0300 (hora estándar de Uruguay)"}
{"level":"info","message":"BBDD conectada > Thu Dec 12 2024 23:32:36 GMT-0300 (hora estándar de Uruguay)"}
{"level":"info","message":"Escuchando puerto 8080 > Thu Dec 12 2024 23:32:36 GMT-0300 (hora estándar de Uruguay)"}
{"level":"info","message":"Escuchando puerto 8080 > Thu Dec 12 2024 23:32:36 GMT-0300 (hora estándar de Uruguay)"}
{"level":"info","message":"Escuchando puerto 8080 > Thu Dec 12 2024 23:32:36 GMT-0300 (hora estándar de Uruguay)"}
{"level":"info","message":"Escuchando puerto 8080 > Thu Dec 12 2024 23:32:36 GMT-0300 (hora estándar de Uruguay)"}
{"level":"info","message":"Escuchando puerto 8080 > Thu Dec 12 2024 23:32:36 GMT-0300 (hora estándar de Uruguay)"}
{"level":"info","message":"BBDD conectada > Thu Dec 12 2024 23:32:36 GMT-0300 (hora estándar de Uruguay)"}
{"level":"info","message":"Escuchando puerto 8080 > Thu Dec 12 2024 23:32:36 GMT-0300 (hora estándar de Uruguay)"}
{"level":"info","message":"Proceso Principal ID:"}
{"level":"info","message":"Soy el cluster principal, voy a forkear (worker) > Thu Dec 12 2024 23:32:39 GMT-0300 (hora estándar de Uruguay)"}
{"level":"info","message":"BBDD conectada > Thu Dec 12 2024 23:32:42 GMT-0300 (hora estándar de Uruguay)"}
{"level":"info","message":"BBDD conectada > Thu Dec 12 2024 23:32:42 GMT-0300 (hora estándar de Uruguay)"}
{"level":"info","message":"BBDD conectada > Thu Dec 12 2024 23:32:42 GMT-0300 (hora estándar de Uruguay)"}
{"level":"info","message":"Escuchando puerto 8080 > Thu Dec 12 2024 23:32:42 GMT-0300 (hora estándar de Uruguay)"}
{"level":"info","message":"BBDD conectada > Thu Dec 12 2024 23:32:42 GMT-0300 (hora estándar de Uruguay)"}
{"level":"info","message":"Escuchando puerto 8080 > Thu Dec 12 2024 23:32:42 GMT-0300 (hora estándar de Uruguay)"}
{"level":"info","message":"BBDD conectada > Thu Dec 12 2024 23:32:42 GMT-0300 (hora estándar de Uruguay)"}
{"level":"info","message":"BBDD conectada > Thu Dec 12 2024 23:32:42 GMT-0300 (hora estándar de Uruguay)"}
{"level":"info","message":"Escuchando puerto 8080 > Thu Dec 12 2024 23:32:42 GMT-0300 (hora estándar de Uruguay)"}
{"level":"info","message":"BBDD conectada > Thu Dec 12 2024 23:32:42 GMT-0300 (hora estándar de Uruguay)"}
{"level":"info","message":"Escuchando puerto 8080 > Thu Dec 12 2024 23:32:42 GMT-0300 (hora estándar de Uruguay)"}
{"level":"info","message":"BBDD conectada > Thu Dec 12 2024 23:32:42 GMT-0300 (hora estándar de Uruguay)"}
{"level":"info","message":"Escuchando puerto 8080 > Thu Dec 12 2024 23:32:42 GMT-0300 (hora estándar de Uruguay)"}
{"level":"info","message":"Escuchando puerto 8080 > Thu Dec 12 2024 23:32:42 GMT-0300 (hora estándar de Uruguay)"}
{"level":"info","message":"Escuchando puerto 8080 > Thu Dec 12 2024 23:32:42 GMT-0300 (hora estándar de Uruguay)"}
{"level":"info","message":"Escuchando puerto 8080 > Thu Dec 12 2024 23:32:42 GMT-0300 (hora estándar de Uruguay)"}
{"level":"http","message":"POST en /api/sessions/register - 11:32:45 p. m."}
{"level":"http","message":"POST en /api/sessions/login - 11:32:45 p. m."}
{"level":"info","message":"Proceso Principal ID:"}
{"level":"info","message":"Soy el cluster principal, voy a forkear (worker) > Thu Dec 12 2024 23:33:29 GMT-0300 (hora estándar de Uruguay)"}
{"level":"info","message":"BBDD conectada > Thu Dec 12 2024 23:33:32 GMT-0300 (hora estándar de Uruguay)"}
{"level":"info","message":"Escuchando puerto 8080 > Thu Dec 12 2024 23:33:32 GMT-0300 (hora estándar de Uruguay)"}
{"level":"info","message":"BBDD conectada > Thu Dec 12 2024 23:33:32 GMT-0300 (hora estándar de Uruguay)"}
{"level":"info","message":"BBDD conectada > Thu Dec 12 2024 23:33:32 GMT-0300 (hora estándar de Uruguay)"}
{"level":"info","message":"BBDD conectada > Thu Dec 12 2024 23:33:32 GMT-0300 (hora estándar de Uruguay)"}
{"level":"info","message":"Escuchando puerto 8080 > Thu Dec 12 2024 23:33:32 GMT-0300 (hora estándar de Uruguay)"}
{"level":"info","message":"Escuchando puerto 8080 > Thu Dec 12 2024 23:33:32 GMT-0300 (hora estándar de Uruguay)"}
{"level":"info","message":"BBDD conectada > Thu Dec 12 2024 23:33:32 GMT-0300 (hora estándar de Uruguay)"}
{"level":"info","message":"Escuchando puerto 8080 > Thu Dec 12 2024 23:33:32 GMT-0300 (hora estándar de Uruguay)"}
{"level":"info","message":"Escuchando puerto 8080 > Thu Dec 12 2024 23:33:32 GMT-0300 (hora estándar de Uruguay)"}
{"level":"info","message":"BBDD conectada > Thu Dec 12 2024 23:33:32 GMT-0300 (hora estándar de Uruguay)"}
{"level":"info","message":"BBDD conectada > Thu Dec 12 2024 23:33:32 GMT-0300 (hora estándar de Uruguay)"}
{"level":"info","message":"Escuchando puerto 8080 > Thu Dec 12 2024 23:33:32 GMT-0300 (hora estándar de Uruguay)"}
{"level":"info","message":"Escuchando puerto 8080 > Thu Dec 12 2024 23:33:32 GMT-0300 (hora estándar de Uruguay)"}
{"level":"info","message":"BBDD conectada > Thu Dec 12 2024 23:33:32 GMT-0300 (hora estándar de Uruguay)"}
{"level":"info","message":"Escuchando puerto 8080 > Thu Dec 12 2024 23:33:32 GMT-0300 (hora estándar de Uruguay)"}
{"level":"http","message":"POST en /api/sessions/register - 11:33:36 p. m."}
{"level":"http","message":"POST en /api/sessions/login - 11:33:36 p. m."}
{"level":"http","message":"POST en /api/sessions/register - 11:33:45 p. m."}
{"level":"http","message":"POST en /api/sessions/login - 11:33:45 p. m."}
{"level":"info","message":"Proceso Principal ID:"}
{"level":"info","message":"Soy el cluster principal, voy a forkear (worker) > Thu Dec 12 2024 23:34:31 GMT-0300 (hora estándar de Uruguay)"}
{"level":"info","message":"BBDD conectada > Thu Dec 12 2024 23:34:34 GMT-0300 (hora estándar de Uruguay)"}
{"level":"info","message":"Escuchando puerto 8080 > Thu Dec 12 2024 23:34:34 GMT-0300 (hora estándar de Uruguay)"}
{"level":"info","message":"BBDD conectada > Thu Dec 12 2024 23:34:34 GMT-0300 (hora estándar de Uruguay)"}
{"level":"info","message":"BBDD conectada > Thu Dec 12 2024 23:34:34 GMT-0300 (hora estándar de Uruguay)"}
{"level":"info","message":"BBDD conectada > Thu Dec 12 2024 23:34:34 GMT-0300 (hora estándar de Uruguay)"}
{"level":"info","message":"BBDD conectada > Thu Dec 12 2024 23:34:34 GMT-0300 (hora estándar de Uruguay)"}
{"level":"info","message":"Escuchando puerto 8080 > Thu Dec 12 2024 23:34:34 GMT-0300 (hora estándar de Uruguay)"}
{"level":"info","message":"BBDD conectada > Thu Dec 12 2024 23:34:34 GMT-0300 (hora estándar de Uruguay)"}
{"level":"info","message":"BBDD conectada > Thu Dec 12 2024 23:34:34 GMT-0300 (hora estándar de Uruguay)"}
{"level":"info","message":"BBDD conectada > Thu Dec 12 2024 23:34:34 GMT-0300 (hora estándar de Uruguay)"}
{"level":"info","message":"Escuchando puerto 8080 > Thu Dec 12 2024 23:34:34 GMT-0300 (hora estándar de Uruguay)"}
{"level":"info","message":"Escuchando puerto 8080 > Thu Dec 12 2024 23:34:34 GMT-0300 (hora estándar de Uruguay)"}
{"level":"info","message":"Escuchando puerto 8080 > Thu Dec 12 2024 23:34:34 GMT-0300 (hora estándar de Uruguay)"}
{"level":"info","message":"Escuchando puerto 8080 > Thu Dec 12 2024 23:34:34 GMT-0300 (hora estándar de Uruguay)"}
{"level":"info","message":"Escuchando puerto 8080 > Thu Dec 12 2024 23:34:34 GMT-0300 (hora estándar de Uruguay)"}
{"level":"info","message":"Escuchando puerto 8080 > Thu Dec 12 2024 23:34:34 GMT-0300 (hora estándar de Uruguay)"}
{"level":"info","message":"Proceso Principal ID:"}
{"level":"info","message":"Soy el cluster principal, voy a forkear (worker) > Thu Dec 12 2024 23:35:33 GMT-0300 (hora estándar de Uruguay)"}
{"level":"info","message":"BBDD conectada > Thu Dec 12 2024 23:35:36 GMT-0300 (hora estándar de Uruguay)"}
{"level":"info","message":"BBDD conectada > Thu Dec 12 2024 23:35:36 GMT-0300 (hora estándar de Uruguay)"}
{"level":"info","message":"BBDD conectada > Thu Dec 12 2024 23:35:36 GMT-0300 (hora estándar de Uruguay)"}
{"level":"info","message":"BBDD conectada > Thu Dec 12 2024 23:35:36 GMT-0300 (hora estándar de Uruguay)"}
{"level":"info","message":"BBDD conectada > Thu Dec 12 2024 23:35:36 GMT-0300 (hora estándar de Uruguay)"}
{"level":"info","message":"Escuchando puerto 8080 > Thu Dec 12 2024 23:35:36 GMT-0300 (hora estándar de Uruguay)"}
{"level":"info","message":"Escuchando puerto 8080 > Thu Dec 12 2024 23:35:36 GMT-0300 (hora estándar de Uruguay)"}
{"level":"info","message":"Escuchando puerto 8080 > Thu Dec 12 2024 23:35:36 GMT-0300 (hora estándar de Uruguay)"}
{"level":"info","message":"Escuchando puerto 8080 > Thu Dec 12 2024 23:35:36 GMT-0300 (hora estándar de Uruguay)"}
{"level":"info","message":"BBDD conectada > Thu Dec 12 2024 23:35:36 GMT-0300 (hora estándar de Uruguay)"}
{"level":"info","message":"BBDD conectada > Thu Dec 12 2024 23:35:36 GMT-0300 (hora estándar de Uruguay)"}
{"level":"info","message":"Escuchando puerto 8080 > Thu Dec 12 2024 23:35:36 GMT-0300 (hora estándar de Uruguay)"}
{"level":"info","message":"BBDD conectada > Thu Dec 12 2024 23:35:36 GMT-0300 (hora estándar de Uruguay)"}
{"level":"info","message":"Escuchando puerto 8080 > Thu Dec 12 2024 23:35:36 GMT-0300 (hora estándar de Uruguay)"}
{"level":"info","message":"Escuchando puerto 8080 > Thu Dec 12 2024 23:35:36 GMT-0300 (hora estándar de Uruguay)"}
{"level":"info","message":"Escuchando puerto 8080 > Thu Dec 12 2024 23:35:36 GMT-0300 (hora estándar de Uruguay)"}
{"level":"http","message":"POST en /api/sessions/register - 11:35:40 p. m."}
{"level":"http","message":"POST en /api/sessions/login - 11:35:40 p. m."}
{"level":"http","message":"POST en /api/sessions/register - 11:35:47 p. m."}
{"level":"http","message":"POST en /api/sessions/login - 11:35:47 p. m."}
{"level":"http","message":"POST en /api/sessions/register - 11:36:25 p. m."}
{"level":"http","message":"POST en /api/sessions/login - 11:36:25 p. m."}
{"level":"info","message":"Proceso Principal ID:"}
{"level":"info","message":"Soy el cluster principal, voy a forkear (worker) > Thu Dec 12 2024 23:37:07 GMT-0300 (hora estándar de Uruguay)"}
